{"/Users/aj/desenv/projetos/node_backend/src/Id/index.js": {"path":"/Users/aj/desenv/projetos/node_backend/src/Id/index.js","statementMap":{"0":{"start":{"line":1,"column":13},"end":{"line":1,"column":28}},"1":{"start":{"line":3,"column":11},"end":{"line":6,"column":2}},"2":{"start":{"line":8,"column":0},"end":{"line":8,"column":20}}},"fnMap":{},"branchMap":{},"s":{"0":11,"1":11,"2":11},"f":{},"b":{},"_coverageSchema":"43e27e138ebf9cfc5966b082cf9a028302ed4184","hash":"17a7dc9f77d117ba4fd2a235011ea509ad48010e"}
,"/Users/aj/desenv/projetos/node_backend/src/controllers/getFindUserById.js": {"path":"/Users/aj/desenv/projetos/node_backend/src/controllers/getFindUserById.js","statementMap":{"0":{"start":{"line":1,"column":0},"end":{"line":33,"column":2}},"1":{"start":{"line":2,"column":2},"end":{"line":32,"column":4}},"2":{"start":{"line":3,"column":4},"end":{"line":31,"column":5}},"3":{"start":{"line":5,"column":21},"end":{"line":5,"column":39}},"4":{"start":{"line":7,"column":19},"end":{"line":7,"column":41}},"5":{"start":{"line":8,"column":6},"end":{"line":8,"column":27}},"6":{"start":{"line":10,"column":6},"end":{"line":17,"column":8}},"7":{"start":{"line":20,"column":6},"end":{"line":20,"column":19}},"8":{"start":{"line":22,"column":6},"end":{"line":30,"column":8}}},"fnMap":{"0":{"name":"(anonymous_0)","decl":{"start":{"line":1,"column":17},"end":{"line":1,"column":18}},"loc":{"start":{"line":1,"column":44},"end":{"line":33,"column":1}},"line":1},"1":{"name":"(anonymous_1)","decl":{"start":{"line":2,"column":9},"end":{"line":2,"column":10}},"loc":{"start":{"line":2,"column":32},"end":{"line":32,"column":3}},"line":2}},"branchMap":{},"s":{"0":1,"1":2,"2":2,"3":2,"4":2,"5":1,"6":1,"7":1,"8":1},"f":{"0":2,"1":2},"b":{},"_coverageSchema":"43e27e138ebf9cfc5966b082cf9a028302ed4184","hash":"108a7fbe13e32ffbec2f036539190d258364aba0"}
,"/Users/aj/desenv/projetos/node_backend/src/controllers/postCreateAccount.js": {"path":"/Users/aj/desenv/projetos/node_backend/src/controllers/postCreateAccount.js","statementMap":{"0":{"start":{"line":1,"column":24},"end":{"line":1,"column":60}},"1":{"start":{"line":3,"column":0},"end":{"line":41,"column":2}},"2":{"start":{"line":4,"column":2},"end":{"line":40,"column":4}},"3":{"start":{"line":5,"column":4},"end":{"line":39,"column":5}},"4":{"start":{"line":7,"column":6},"end":{"line":7,"column":67}},"5":{"start":{"line":8,"column":44},"end":{"line":8,"column":60}},"6":{"start":{"line":9,"column":6},"end":{"line":11,"column":7}},"7":{"start":{"line":10,"column":8},"end":{"line":10,"column":83}},"8":{"start":{"line":13,"column":6},"end":{"line":13,"column":71}},"9":{"start":{"line":14,"column":27},"end":{"line":14,"column":77}},"10":{"start":{"line":16,"column":6},"end":{"line":16,"column":75}},"11":{"start":{"line":17,"column":6},"end":{"line":17,"column":35}},"12":{"start":{"line":19,"column":6},"end":{"line":19,"column":65}},"13":{"start":{"line":20,"column":21},"end":{"line":20,"column":43}},"14":{"start":{"line":21,"column":6},"end":{"line":21,"column":129}},"15":{"start":{"line":23,"column":6},"end":{"line":23,"column":57}},"16":{"start":{"line":24,"column":6},"end":{"line":30,"column":8}},"17":{"start":{"line":33,"column":6},"end":{"line":38,"column":8}}},"fnMap":{"0":{"name":"(anonymous_0)","decl":{"start":{"line":3,"column":17},"end":{"line":3,"column":18}},"loc":{"start":{"line":3,"column":45},"end":{"line":41,"column":1}},"line":3},"1":{"name":"(anonymous_1)","decl":{"start":{"line":4,"column":9},"end":{"line":4,"column":10}},"loc":{"start":{"line":4,"column":32},"end":{"line":40,"column":3}},"line":4}},"branchMap":{"0":{"loc":{"start":{"line":9,"column":6},"end":{"line":11,"column":7}},"type":"if","locations":[{"start":{"line":9,"column":6},"end":{"line":11,"column":7}},{"start":{"line":9,"column":6},"end":{"line":11,"column":7}}],"line":9},"1":{"loc":{"start":{"line":9,"column":10},"end":{"line":9,"column":42}},"type":"binary-expr","locations":[{"start":{"line":9,"column":10},"end":{"line":9,"column":19}},{"start":{"line":9,"column":23},"end":{"line":9,"column":29}},{"start":{"line":9,"column":33},"end":{"line":9,"column":42}}],"line":9},"2":{"loc":{"start":{"line":34,"column":20},"end":{"line":34,"column":40}},"type":"binary-expr","locations":[{"start":{"line":34,"column":20},"end":{"line":34,"column":33}},{"start":{"line":34,"column":37},"end":{"line":34,"column":40}}],"line":34}},"s":{"0":1,"1":1,"2":6,"3":5,"4":5,"5":5,"6":5,"7":3,"8":2,"9":2,"10":1,"11":1,"12":1,"13":1,"14":1,"15":1,"16":1,"17":4},"f":{"0":6,"1":5},"b":{"0":[3,2],"1":[5,4,3],"2":[4,1]},"_coverageSchema":"43e27e138ebf9cfc5966b082cf9a028302ed4184","hash":"0d02d02271008cac469a96500fdc06e28d2e412c"}
,"/Users/aj/desenv/projetos/node_backend/src/controllers/postLogin.js": {"path":"/Users/aj/desenv/projetos/node_backend/src/controllers/postLogin.js","statementMap":{"0":{"start":{"line":1,"column":24},"end":{"line":1,"column":60}},"1":{"start":{"line":3,"column":0},"end":{"line":39,"column":2}},"2":{"start":{"line":4,"column":2},"end":{"line":38,"column":4}},"3":{"start":{"line":5,"column":4},"end":{"line":37,"column":5}},"4":{"start":{"line":7,"column":34},"end":{"line":7,"column":50}},"5":{"start":{"line":8,"column":6},"end":{"line":10,"column":7}},"6":{"start":{"line":9,"column":8},"end":{"line":9,"column":72}},"7":{"start":{"line":12,"column":20},"end":{"line":12,"column":48}},"8":{"start":{"line":14,"column":6},"end":{"line":23,"column":8}},"9":{"start":{"line":26,"column":6},"end":{"line":26,"column":19}},"10":{"start":{"line":28,"column":6},"end":{"line":36,"column":8}}},"fnMap":{"0":{"name":"(anonymous_0)","decl":{"start":{"line":3,"column":17},"end":{"line":3,"column":18}},"loc":{"start":{"line":3,"column":37},"end":{"line":39,"column":1}},"line":3},"1":{"name":"(anonymous_1)","decl":{"start":{"line":4,"column":9},"end":{"line":4,"column":10}},"loc":{"start":{"line":4,"column":32},"end":{"line":38,"column":3}},"line":4}},"branchMap":{"0":{"loc":{"start":{"line":8,"column":6},"end":{"line":10,"column":7}},"type":"if","locations":[{"start":{"line":8,"column":6},"end":{"line":10,"column":7}},{"start":{"line":8,"column":6},"end":{"line":10,"column":7}}],"line":8},"1":{"loc":{"start":{"line":8,"column":10},"end":{"line":8,"column":29}},"type":"binary-expr","locations":[{"start":{"line":8,"column":10},"end":{"line":8,"column":16}},{"start":{"line":8,"column":20},"end":{"line":8,"column":29}}],"line":8}},"s":{"0":1,"1":1,"2":3,"3":3,"4":3,"5":3,"6":2,"7":1,"8":1,"9":2,"10":2},"f":{"0":3,"1":3},"b":{"0":[2,1],"1":[3,2]},"_coverageSchema":"43e27e138ebf9cfc5966b082cf9a028302ed4184","hash":"624b422b74cf1aa461bc4551727900b94fe2fe78"}
,"/Users/aj/desenv/projetos/node_backend/src/data-access/tokens-db.js": {"path":"/Users/aj/desenv/projetos/node_backend/src/data-access/tokens-db.js","statementMap":{"0":{"start":{"line":1,"column":0},"end":{"line":34,"column":2}},"1":{"start":{"line":3,"column":28},"end":{"line":13,"column":3}},"2":{"start":{"line":4,"column":15},"end":{"line":4,"column":29}},"3":{"start":{"line":5,"column":19},"end":{"line":6,"column":28}},"4":{"start":{"line":7,"column":18},"end":{"line":7,"column":40}},"5":{"start":{"line":8,"column":4},"end":{"line":10,"column":5}},"6":{"start":{"line":9,"column":6},"end":{"line":9,"column":18}},"7":{"start":{"line":11,"column":33},"end":{"line":11,"column":41}},"8":{"start":{"line":12,"column":4},"end":{"line":12,"column":27}},"9":{"start":{"line":15,"column":17},"end":{"line":21,"column":3}},"10":{"start":{"line":16,"column":15},"end":{"line":16,"column":29}},"11":{"start":{"line":17,"column":19},"end":{"line":18,"column":39}},"12":{"start":{"line":19,"column":41},"end":{"line":19,"column":54}},"13":{"start":{"line":20,"column":4},"end":{"line":20,"column":35}},"14":{"start":{"line":23,"column":17},"end":{"line":27,"column":3}},"15":{"start":{"line":24,"column":15},"end":{"line":24,"column":29}},"16":{"start":{"line":25,"column":19},"end":{"line":25,"column":67}},"17":{"start":{"line":26,"column":4},"end":{"line":26,"column":31}},"18":{"start":{"line":29,"column":2},"end":{"line":33,"column":4}}},"fnMap":{"0":{"name":"(anonymous_0)","decl":{"start":{"line":1,"column":17},"end":{"line":1,"column":18}},"loc":{"start":{"line":1,"column":33},"end":{"line":34,"column":1}},"line":1},"1":{"name":"(anonymous_1)","decl":{"start":{"line":3,"column":28},"end":{"line":3,"column":29}},"loc":{"start":{"line":3,"column":51},"end":{"line":13,"column":3}},"line":3},"2":{"name":"(anonymous_2)","decl":{"start":{"line":15,"column":17},"end":{"line":15,"column":18}},"loc":{"start":{"line":15,"column":54},"end":{"line":21,"column":3}},"line":15},"3":{"name":"(anonymous_3)","decl":{"start":{"line":23,"column":17},"end":{"line":23,"column":18}},"loc":{"start":{"line":23,"column":40},"end":{"line":27,"column":3}},"line":23}},"branchMap":{"0":{"loc":{"start":{"line":8,"column":4},"end":{"line":10,"column":5}},"type":"if","locations":[{"start":{"line":8,"column":4},"end":{"line":10,"column":5}},{"start":{"line":8,"column":4},"end":{"line":10,"column":5}}],"line":8}},"s":{"0":3,"1":12,"2":2,"3":2,"4":2,"5":2,"6":1,"7":1,"8":1,"9":12,"10":5,"11":5,"12":5,"13":5,"14":12,"15":1,"16":1,"17":1,"18":12},"f":{"0":12,"1":2,"2":5,"3":1},"b":{"0":[1,1]},"_coverageSchema":"43e27e138ebf9cfc5966b082cf9a028302ed4184","hash":"09062d7047277150c790f51b95085c2c74903b83"}
,"/Users/aj/desenv/projetos/node_backend/src/data-access/users-db.js": {"path":"/Users/aj/desenv/projetos/node_backend/src/data-access/users-db.js","statementMap":{"0":{"start":{"line":1,"column":0},"end":{"line":57,"column":2}},"1":{"start":{"line":3,"column":19},"end":{"line":12,"column":3}},"2":{"start":{"line":4,"column":15},"end":{"line":4,"column":29}},"3":{"start":{"line":5,"column":19},"end":{"line":5,"column":61}},"4":{"start":{"line":6,"column":18},"end":{"line":6,"column":40}},"5":{"start":{"line":7,"column":4},"end":{"line":9,"column":5}},"6":{"start":{"line":8,"column":6},"end":{"line":8,"column":18}},"7":{"start":{"line":10,"column":33},"end":{"line":10,"column":41}},"8":{"start":{"line":11,"column":4},"end":{"line":11,"column":27}},"9":{"start":{"line":14,"column":22},"end":{"line":24,"column":3}},"10":{"start":{"line":15,"column":15},"end":{"line":15,"column":29}},"11":{"start":{"line":16,"column":19},"end":{"line":16,"column":63}},"12":{"start":{"line":17,"column":18},"end":{"line":17,"column":40}},"13":{"start":{"line":18,"column":4},"end":{"line":20,"column":5}},"14":{"start":{"line":19,"column":6},"end":{"line":19,"column":18}},"15":{"start":{"line":22,"column":33},"end":{"line":22,"column":41}},"16":{"start":{"line":23,"column":4},"end":{"line":23,"column":27}},"17":{"start":{"line":26,"column":18},"end":{"line":31,"column":3}},"18":{"start":{"line":27,"column":15},"end":{"line":27,"column":29}},"19":{"start":{"line":28,"column":19},"end":{"line":28,"column":57}},"20":{"start":{"line":29,"column":18},"end":{"line":29,"column":40}},"21":{"start":{"line":30,"column":4},"end":{"line":30,"column":17}},"22":{"start":{"line":33,"column":17},"end":{"line":40,"column":3}},"23":{"start":{"line":34,"column":15},"end":{"line":34,"column":29}},"24":{"start":{"line":35,"column":19},"end":{"line":37,"column":38}},"25":{"start":{"line":38,"column":41},"end":{"line":38,"column":54}},"26":{"start":{"line":39,"column":4},"end":{"line":39,"column":35}},"27":{"start":{"line":42,"column":17},"end":{"line":48,"column":3}},"28":{"start":{"line":43,"column":15},"end":{"line":43,"column":29}},"29":{"start":{"line":44,"column":19},"end":{"line":46,"column":52}},"30":{"start":{"line":47,"column":4},"end":{"line":47,"column":70}},"31":{"start":{"line":50,"column":2},"end":{"line":56,"column":4}}},"fnMap":{"0":{"name":"(anonymous_0)","decl":{"start":{"line":1,"column":17},"end":{"line":1,"column":18}},"loc":{"start":{"line":1,"column":33},"end":{"line":57,"column":1}},"line":1},"1":{"name":"(anonymous_1)","decl":{"start":{"line":3,"column":19},"end":{"line":3,"column":20}},"loc":{"start":{"line":3,"column":42},"end":{"line":12,"column":3}},"line":3},"2":{"name":"(anonymous_2)","decl":{"start":{"line":14,"column":22},"end":{"line":14,"column":23}},"loc":{"start":{"line":14,"column":43},"end":{"line":24,"column":3}},"line":14},"3":{"name":"(anonymous_3)","decl":{"start":{"line":26,"column":18},"end":{"line":26,"column":19}},"loc":{"start":{"line":26,"column":30},"end":{"line":31,"column":3}},"line":26},"4":{"name":"(anonymous_4)","decl":{"start":{"line":33,"column":17},"end":{"line":33,"column":18}},"loc":{"start":{"line":33,"column":53},"end":{"line":40,"column":3}},"line":33},"5":{"name":"(anonymous_5)","decl":{"start":{"line":42,"column":17},"end":{"line":42,"column":18}},"loc":{"start":{"line":42,"column":53},"end":{"line":48,"column":3}},"line":42}},"branchMap":{"0":{"loc":{"start":{"line":7,"column":4},"end":{"line":9,"column":5}},"type":"if","locations":[{"start":{"line":7,"column":4},"end":{"line":9,"column":5}},{"start":{"line":7,"column":4},"end":{"line":9,"column":5}}],"line":7},"1":{"loc":{"start":{"line":18,"column":4},"end":{"line":20,"column":5}},"type":"if","locations":[{"start":{"line":18,"column":4},"end":{"line":20,"column":5}},{"start":{"line":18,"column":4},"end":{"line":20,"column":5}}],"line":18},"2":{"loc":{"start":{"line":47,"column":11},"end":{"line":47,"column":69}},"type":"cond-expr","locations":[{"start":{"line":47,"column":38},"end":{"line":47,"column":62}},{"start":{"line":47,"column":65},"end":{"line":47,"column":69}}],"line":47}},"s":{"0":6,"1":24,"2":9,"3":9,"4":9,"5":9,"6":3,"7":6,"8":6,"9":24,"10":25,"11":25,"12":25,"13":25,"14":12,"15":13,"16":13,"17":24,"18":1,"19":1,"20":1,"21":1,"22":24,"23":20,"24":20,"25":20,"26":20,"27":24,"28":13,"29":13,"30":13,"31":24},"f":{"0":24,"1":9,"2":25,"3":1,"4":20,"5":13},"b":{"0":[3,6],"1":[12,13],"2":[12,1]},"_coverageSchema":"43e27e138ebf9cfc5966b082cf9a028302ed4184","hash":"8a94a5d56987166082e566653b0dd83a5bd4b1f1"}
,"/Users/aj/desenv/projetos/node_backend/src/email/emailSender.js": {"path":"/Users/aj/desenv/projetos/node_backend/src/email/emailSender.js","statementMap":{"0":{"start":{"line":1,"column":0},"end":{"line":22,"column":2}},"1":{"start":{"line":3,"column":29},"end":{"line":10,"column":3}},"2":{"start":{"line":4,"column":16},"end":{"line":4,"column":76}},"3":{"start":{"line":5,"column":16},"end":{"line":8,"column":53}},"4":{"start":{"line":9,"column":4},"end":{"line":9,"column":62}},"5":{"start":{"line":12,"column":30},"end":{"line":16,"column":3}},"6":{"start":{"line":13,"column":16},"end":{"line":14,"column":110}},"7":{"start":{"line":15,"column":4},"end":{"line":15,"column":63}},"8":{"start":{"line":18,"column":2},"end":{"line":21,"column":5}}},"fnMap":{"0":{"name":"(anonymous_0)","decl":{"start":{"line":1,"column":17},"end":{"line":1,"column":18}},"loc":{"start":{"line":1,"column":34},"end":{"line":22,"column":1}},"line":1},"1":{"name":"(anonymous_1)","decl":{"start":{"line":3,"column":29},"end":{"line":3,"column":30}},"loc":{"start":{"line":3,"column":50},"end":{"line":10,"column":3}},"line":3},"2":{"name":"(anonymous_2)","decl":{"start":{"line":12,"column":30},"end":{"line":12,"column":31}},"loc":{"start":{"line":12,"column":44},"end":{"line":16,"column":3}},"line":12}},"branchMap":{},"s":{"0":1,"1":1,"2":1,"3":1,"4":1,"5":1,"6":1,"7":1,"8":1},"f":{"0":1,"1":1,"2":1},"b":{},"_coverageSchema":"43e27e138ebf9cfc5966b082cf9a028302ed4184","hash":"7a6b9b06f380b1f0b4b670a1b3e88977e693775a"}
,"/Users/aj/desenv/projetos/node_backend/src/email/emailer.js": {"path":"/Users/aj/desenv/projetos/node_backend/src/email/emailer.js","statementMap":{"0":{"start":{"line":1,"column":0},"end":{"line":20,"column":2}},"1":{"start":{"line":3,"column":22},"end":{"line":10,"column":4}},"2":{"start":{"line":12,"column":2},"end":{"line":19,"column":5}},"3":{"start":{"line":14,"column":6},"end":{"line":17,"column":9}}},"fnMap":{"0":{"name":"(anonymous_0)","decl":{"start":{"line":1,"column":17},"end":{"line":1,"column":18}},"loc":{"start":{"line":1,"column":37},"end":{"line":20,"column":1}},"line":1},"1":{"name":"(anonymous_1)","decl":{"start":{"line":13,"column":10},"end":{"line":13,"column":11}},"loc":{"start":{"line":13,"column":45},"end":{"line":18,"column":5}},"line":13}},"branchMap":{},"s":{"0":1,"1":1,"2":1,"3":2},"f":{"0":1,"1":2},"b":{},"_coverageSchema":"43e27e138ebf9cfc5966b082cf9a028302ed4184","hash":"c417951fbbca13547305f91f891e4a43c635f4fe"}
,"/Users/aj/desenv/projetos/node_backend/src/entities/token/index.js": {"path":"/Users/aj/desenv/projetos/node_backend/src/entities/token/index.js","statementMap":{"0":{"start":{"line":1,"column":23},"end":{"line":1,"column":41}},"1":{"start":{"line":2,"column":11},"end":{"line":2,"column":30}},"2":{"start":{"line":3,"column":12},"end":{"line":3,"column":32}},"3":{"start":{"line":4,"column":15},"end":{"line":4,"column":32}},"4":{"start":{"line":6,"column":0},"end":{"line":6,"column":53}}},"fnMap":{},"branchMap":{},"s":{"0":4,"1":4,"2":4,"3":4,"4":4},"f":{},"b":{},"_coverageSchema":"43e27e138ebf9cfc5966b082cf9a028302ed4184","hash":"9cf5ad15fca9dc056cf2451fba9e87ba1074b547"}
,"/Users/aj/desenv/projetos/node_backend/src/entities/token/token.js": {"path":"/Users/aj/desenv/projetos/node_backend/src/entities/token/token.js","statementMap":{"0":{"start":{"line":1,"column":24},"end":{"line":1,"column":63}},"1":{"start":{"line":3,"column":0},"end":{"line":33,"column":2}},"2":{"start":{"line":4,"column":2},"end":{"line":32,"column":3}},"3":{"start":{"line":11,"column":4},"end":{"line":13,"column":5}},"4":{"start":{"line":12,"column":6},"end":{"line":12,"column":58}},"5":{"start":{"line":15,"column":4},"end":{"line":17,"column":5}},"6":{"start":{"line":16,"column":6},"end":{"line":16,"column":67}},"7":{"start":{"line":19,"column":4},"end":{"line":21,"column":5}},"8":{"start":{"line":20,"column":6},"end":{"line":20,"column":55}},"9":{"start":{"line":23,"column":4},"end":{"line":23,"column":61}},"10":{"start":{"line":25,"column":4},"end":{"line":31,"column":6}},"11":{"start":{"line":26,"column":19},"end":{"line":26,"column":21}},"12":{"start":{"line":27,"column":28},"end":{"line":27,"column":46}},"13":{"start":{"line":28,"column":23},"end":{"line":28,"column":46}},"14":{"start":{"line":29,"column":31},"end":{"line":29,"column":56}},"15":{"start":{"line":30,"column":21},"end":{"line":30,"column":36}}},"fnMap":{"0":{"name":"(anonymous_0)","decl":{"start":{"line":3,"column":17},"end":{"line":3,"column":18}},"loc":{"start":{"line":3,"column":42},"end":{"line":33,"column":1}},"line":3},"1":{"name":"(anonymous_1)","decl":{"start":{"line":4,"column":9},"end":{"line":4,"column":10}},"loc":{"start":{"line":10,"column":8},"end":{"line":32,"column":3}},"line":10},"2":{"name":"(anonymous_2)","decl":{"start":{"line":26,"column":13},"end":{"line":26,"column":14}},"loc":{"start":{"line":26,"column":19},"end":{"line":26,"column":21}},"line":26},"3":{"name":"(anonymous_3)","decl":{"start":{"line":27,"column":22},"end":{"line":27,"column":23}},"loc":{"start":{"line":27,"column":28},"end":{"line":27,"column":46}},"line":27},"4":{"name":"(anonymous_4)","decl":{"start":{"line":28,"column":17},"end":{"line":28,"column":18}},"loc":{"start":{"line":28,"column":23},"end":{"line":28,"column":46}},"line":28},"5":{"name":"(anonymous_5)","decl":{"start":{"line":29,"column":25},"end":{"line":29,"column":26}},"loc":{"start":{"line":29,"column":31},"end":{"line":29,"column":56}},"line":29},"6":{"name":"(anonymous_6)","decl":{"start":{"line":30,"column":15},"end":{"line":30,"column":16}},"loc":{"start":{"line":30,"column":21},"end":{"line":30,"column":36}},"line":30}},"branchMap":{"0":{"loc":{"start":{"line":5,"column":4},"end":{"line":5,"column":20}},"type":"default-arg","locations":[{"start":{"line":5,"column":9},"end":{"line":5,"column":20}}],"line":5},"1":{"loc":{"start":{"line":11,"column":4},"end":{"line":13,"column":5}},"type":"if","locations":[{"start":{"line":11,"column":4},"end":{"line":13,"column":5}},{"start":{"line":11,"column":4},"end":{"line":13,"column":5}}],"line":11},"2":{"loc":{"start":{"line":15,"column":4},"end":{"line":17,"column":5}},"type":"if","locations":[{"start":{"line":15,"column":4},"end":{"line":17,"column":5}},{"start":{"line":15,"column":4},"end":{"line":17,"column":5}}],"line":15},"3":{"loc":{"start":{"line":19,"column":4},"end":{"line":21,"column":5}},"type":"if","locations":[{"start":{"line":19,"column":4},"end":{"line":21,"column":5}},{"start":{"line":19,"column":4},"end":{"line":21,"column":5}}],"line":19},"4":{"loc":{"start":{"line":19,"column":7},"end":{"line":19,"column":54}},"type":"binary-expr","locations":[{"start":{"line":19,"column":7},"end":{"line":19,"column":11}},{"start":{"line":19,"column":15},"end":{"line":19,"column":31}},{"start":{"line":19,"column":35},"end":{"line":19,"column":54}}],"line":19},"5":{"loc":{"start":{"line":23,"column":18},"end":{"line":23,"column":60}},"type":"binary-expr","locations":[{"start":{"line":23,"column":18},"end":{"line":23,"column":29}},{"start":{"line":23,"column":33},"end":{"line":23,"column":60}}],"line":23},"6":{"loc":{"start":{"line":28,"column":23},"end":{"line":28,"column":46}},"type":"binary-expr","locations":[{"start":{"line":28,"column":23},"end":{"line":28,"column":30}},{"start":{"line":28,"column":34},"end":{"line":28,"column":46}}],"line":28},"7":{"loc":{"start":{"line":30,"column":21},"end":{"line":30,"column":36}},"type":"binary-expr","locations":[{"start":{"line":30,"column":21},"end":{"line":30,"column":25}},{"start":{"line":30,"column":29},"end":{"line":30,"column":36}}],"line":30}},"s":{"0":4,"1":4,"2":4,"3":10,"4":1,"5":9,"6":1,"7":8,"8":1,"9":7,"10":7,"11":7,"12":11,"13":8,"14":1,"15":4},"f":{"0":4,"1":10,"2":7,"3":11,"4":8,"5":1,"6":4},"b":{"0":[9],"1":[1,9],"2":[1,8],"3":[1,7],"4":[8,2,2],"5":[7,7],"6":[8,3],"7":[4,3]},"_coverageSchema":"43e27e138ebf9cfc5966b082cf9a028302ed4184","hash":"cd29b336d1fd05c460391d4f3fec03f426ece1b3"}
,"/Users/aj/desenv/projetos/node_backend/src/entities/user/index.js": {"path":"/Users/aj/desenv/projetos/node_backend/src/entities/user/index.js","statementMap":{"0":{"start":{"line":1,"column":21},"end":{"line":1,"column":45}},"1":{"start":{"line":2,"column":15},"end":{"line":2,"column":32}},"2":{"start":{"line":4,"column":22},"end":{"line":4,"column":39}},"3":{"start":{"line":5,"column":11},"end":{"line":5,"column":30}},"4":{"start":{"line":6,"column":12},"end":{"line":6,"column":32}},"5":{"start":{"line":8,"column":17},"end":{"line":12,"column":1}},"6":{"start":{"line":9,"column":2},"end":{"line":11,"column":5}},"7":{"start":{"line":14,"column":22},"end":{"line":21,"column":1}},"8":{"start":{"line":15,"column":2},"end":{"line":19,"column":3}},"9":{"start":{"line":16,"column":18},"end":{"line":16,"column":30}},"10":{"start":{"line":17,"column":15},"end":{"line":17,"column":106}},"11":{"start":{"line":18,"column":4},"end":{"line":18,"column":26}},"12":{"start":{"line":20,"column":2},"end":{"line":20,"column":15}},"13":{"start":{"line":23,"column":0},"end":{"line":23,"column":77}}},"fnMap":{"0":{"name":"(anonymous_0)","decl":{"start":{"line":8,"column":17},"end":{"line":8,"column":18}},"loc":{"start":{"line":8,"column":27},"end":{"line":12,"column":1}},"line":8},"1":{"name":"(anonymous_1)","decl":{"start":{"line":14,"column":22},"end":{"line":14,"column":23}},"loc":{"start":{"line":14,"column":33},"end":{"line":21,"column":1}},"line":14}},"branchMap":{"0":{"loc":{"start":{"line":15,"column":2},"end":{"line":19,"column":3}},"type":"if","locations":[{"start":{"line":15,"column":2},"end":{"line":19,"column":3}},{"start":{"line":15,"column":2},"end":{"line":19,"column":3}}],"line":15}},"s":{"0":7,"1":7,"2":7,"3":7,"4":7,"5":7,"6":34,"7":7,"8":44,"9":43,"10":43,"11":43,"12":1,"13":7},"f":{"0":34,"1":44},"b":{"0":[43,1]},"_coverageSchema":"43e27e138ebf9cfc5966b082cf9a028302ed4184","hash":"4c869c41fedfc1954b6c589770d0078e0fad32d3"}
,"/Users/aj/desenv/projetos/node_backend/src/entities/user/user.js": {"path":"/Users/aj/desenv/projetos/node_backend/src/entities/user/user.js","statementMap":{"0":{"start":{"line":1,"column":24},"end":{"line":1,"column":63}},"1":{"start":{"line":3,"column":0},"end":{"line":61,"column":2}},"2":{"start":{"line":5,"column":19},"end":{"line":57,"column":3}},"3":{"start":{"line":18,"column":4},"end":{"line":20,"column":5}},"4":{"start":{"line":19,"column":6},"end":{"line":19,"column":57}},"5":{"start":{"line":22,"column":4},"end":{"line":24,"column":5}},"6":{"start":{"line":23,"column":6},"end":{"line":23,"column":66}},"7":{"start":{"line":26,"column":4},"end":{"line":28,"column":5}},"8":{"start":{"line":27,"column":6},"end":{"line":27,"column":71}},"9":{"start":{"line":30,"column":28},"end":{"line":30,"column":46}},"10":{"start":{"line":33,"column":21},"end":{"line":35,"column":5}},"11":{"start":{"line":34,"column":6},"end":{"line":34,"column":24}},"12":{"start":{"line":37,"column":4},"end":{"line":55,"column":7}},"13":{"start":{"line":38,"column":19},"end":{"line":38,"column":21}},"14":{"start":{"line":39,"column":26},"end":{"line":39,"column":61}},"15":{"start":{"line":40,"column":27},"end":{"line":40,"column":37}},"16":{"start":{"line":41,"column":21},"end":{"line":41,"column":48}},"17":{"start":{"line":42,"column":25},"end":{"line":42,"column":42}},"18":{"start":{"line":43,"column":22},"end":{"line":43,"column":27}},"19":{"start":{"line":44,"column":25},"end":{"line":44,"column":33}},"20":{"start":{"line":45,"column":29},"end":{"line":45,"column":46}},"21":{"start":{"line":46,"column":39},"end":{"line":46,"column":61}},"22":{"start":{"line":47,"column":41},"end":{"line":47,"column":65}},"23":{"start":{"line":48,"column":26},"end":{"line":48,"column":35}},"24":{"start":{"line":50,"column":8},"end":{"line":50,"column":43}},"25":{"start":{"line":53,"column":8},"end":{"line":53,"column":30}},"26":{"start":{"line":59,"column":2},"end":{"line":59,"column":18}}},"fnMap":{"0":{"name":"(anonymous_0)","decl":{"start":{"line":3,"column":17},"end":{"line":3,"column":18}},"loc":{"start":{"line":3,"column":67},"end":{"line":61,"column":1}},"line":3},"1":{"name":"(anonymous_1)","decl":{"start":{"line":5,"column":19},"end":{"line":5,"column":20}},"loc":{"start":{"line":16,"column":8},"end":{"line":57,"column":3}},"line":16},"2":{"name":"(anonymous_2)","decl":{"start":{"line":33,"column":21},"end":{"line":33,"column":22}},"loc":{"start":{"line":33,"column":27},"end":{"line":35,"column":5}},"line":33},"3":{"name":"(anonymous_3)","decl":{"start":{"line":38,"column":13},"end":{"line":38,"column":14}},"loc":{"start":{"line":38,"column":19},"end":{"line":38,"column":21}},"line":38},"4":{"name":"(anonymous_4)","decl":{"start":{"line":39,"column":20},"end":{"line":39,"column":21}},"loc":{"start":{"line":39,"column":26},"end":{"line":39,"column":61}},"line":39},"5":{"name":"(anonymous_5)","decl":{"start":{"line":40,"column":21},"end":{"line":40,"column":22}},"loc":{"start":{"line":40,"column":27},"end":{"line":40,"column":37}},"line":40},"6":{"name":"(anonymous_6)","decl":{"start":{"line":41,"column":15},"end":{"line":41,"column":16}},"loc":{"start":{"line":41,"column":21},"end":{"line":41,"column":48}},"line":41},"7":{"name":"(anonymous_7)","decl":{"start":{"line":42,"column":19},"end":{"line":42,"column":20}},"loc":{"start":{"line":42,"column":25},"end":{"line":42,"column":42}},"line":42},"8":{"name":"(anonymous_8)","decl":{"start":{"line":43,"column":16},"end":{"line":43,"column":17}},"loc":{"start":{"line":43,"column":22},"end":{"line":43,"column":27}},"line":43},"9":{"name":"(anonymous_9)","decl":{"start":{"line":44,"column":19},"end":{"line":44,"column":20}},"loc":{"start":{"line":44,"column":25},"end":{"line":44,"column":33}},"line":44},"10":{"name":"(anonymous_10)","decl":{"start":{"line":45,"column":23},"end":{"line":45,"column":24}},"loc":{"start":{"line":45,"column":29},"end":{"line":45,"column":46}},"line":45},"11":{"name":"(anonymous_11)","decl":{"start":{"line":46,"column":33},"end":{"line":46,"column":34}},"loc":{"start":{"line":46,"column":39},"end":{"line":46,"column":61}},"line":46},"12":{"name":"(anonymous_12)","decl":{"start":{"line":47,"column":35},"end":{"line":47,"column":36}},"loc":{"start":{"line":47,"column":41},"end":{"line":47,"column":65}},"line":47},"13":{"name":"(anonymous_13)","decl":{"start":{"line":48,"column":20},"end":{"line":48,"column":21}},"loc":{"start":{"line":48,"column":26},"end":{"line":48,"column":35}},"line":48},"14":{"name":"(anonymous_14)","decl":{"start":{"line":49,"column":13},"end":{"line":49,"column":14}},"loc":{"start":{"line":49,"column":19},"end":{"line":51,"column":7}},"line":49},"15":{"name":"(anonymous_15)","decl":{"start":{"line":52,"column":15},"end":{"line":52,"column":16}},"loc":{"start":{"line":52,"column":21},"end":{"line":54,"column":7}},"line":52}},"branchMap":{"0":{"loc":{"start":{"line":6,"column":4},"end":{"line":6,"column":20}},"type":"default-arg","locations":[{"start":{"line":6,"column":9},"end":{"line":6,"column":20}}],"line":6},"1":{"loc":{"start":{"line":15,"column":4},"end":{"line":15,"column":39}},"type":"default-arg","locations":[{"start":{"line":15,"column":17},"end":{"line":15,"column":39}}],"line":15},"2":{"loc":{"start":{"line":18,"column":4},"end":{"line":20,"column":5}},"type":"if","locations":[{"start":{"line":18,"column":4},"end":{"line":20,"column":5}},{"start":{"line":18,"column":4},"end":{"line":20,"column":5}}],"line":18},"3":{"loc":{"start":{"line":22,"column":4},"end":{"line":24,"column":5}},"type":"if","locations":[{"start":{"line":22,"column":4},"end":{"line":24,"column":5}},{"start":{"line":22,"column":4},"end":{"line":24,"column":5}}],"line":22},"4":{"loc":{"start":{"line":26,"column":4},"end":{"line":28,"column":5}},"type":"if","locations":[{"start":{"line":26,"column":4},"end":{"line":28,"column":5}},{"start":{"line":26,"column":4},"end":{"line":28,"column":5}}],"line":26},"5":{"loc":{"start":{"line":39,"column":26},"end":{"line":39,"column":61}},"type":"binary-expr","locations":[{"start":{"line":39,"column":26},"end":{"line":39,"column":35}},{"start":{"line":39,"column":39},"end":{"line":39,"column":61}}],"line":39},"6":{"loc":{"start":{"line":41,"column":21},"end":{"line":41,"column":48}},"type":"binary-expr","locations":[{"start":{"line":41,"column":21},"end":{"line":41,"column":25}},{"start":{"line":41,"column":30},"end":{"line":41,"column":47}}],"line":41},"7":{"loc":{"start":{"line":45,"column":29},"end":{"line":45,"column":46}},"type":"binary-expr","locations":[{"start":{"line":45,"column":29},"end":{"line":45,"column":41}},{"start":{"line":45,"column":45},"end":{"line":45,"column":46}}],"line":45}},"s":{"0":7,"1":7,"2":7,"3":45,"4":1,"5":44,"6":9,"7":35,"8":1,"9":34,"10":34,"11":1,"12":34,"13":28,"14":25,"15":15,"16":1,"17":25,"18":45,"19":43,"20":25,"21":10,"22":9,"23":18,"24":1,"25":1,"26":7},"f":{"0":7,"1":45,"2":1,"3":28,"4":25,"5":15,"6":1,"7":25,"8":45,"9":43,"10":25,"11":10,"12":9,"13":18,"14":1,"15":1},"b":{"0":[11],"1":[30],"2":[1,44],"3":[9,35],"4":[1,34],"5":[25,11],"6":[1,1],"7":[25,15]},"_coverageSchema":"43e27e138ebf9cfc5966b082cf9a028302ed4184","hash":"b7bc55bb33bcb2c978e5713bb26e1a32d094baa6"}
,"/Users/aj/desenv/projetos/node_backend/src/errors/BadRequestError.js": {"path":"/Users/aj/desenv/projetos/node_backend/src/errors/BadRequestError.js","statementMap":{"0":{"start":{"line":1,"column":0},"end":{"line":7,"column":2}},"1":{"start":{"line":3,"column":4},"end":{"line":3,"column":19}},"2":{"start":{"line":4,"column":4},"end":{"line":4,"column":51}},"3":{"start":{"line":5,"column":4},"end":{"line":5,"column":26}}},"fnMap":{"0":{"name":"(anonymous_0)","decl":{"start":{"line":2,"column":2},"end":{"line":2,"column":3}},"loc":{"start":{"line":2,"column":23},"end":{"line":6,"column":3}},"line":2}},"branchMap":{},"s":{"0":10,"1":22,"2":22,"3":22},"f":{"0":22},"b":{},"_coverageSchema":"43e27e138ebf9cfc5966b082cf9a028302ed4184","hash":"7f0ed7e777416d2a5301d50706362b6dedf0ec54"}
,"/Users/aj/desenv/projetos/node_backend/src/errors/NotFoundError.js": {"path":"/Users/aj/desenv/projetos/node_backend/src/errors/NotFoundError.js","statementMap":{"0":{"start":{"line":1,"column":0},"end":{"line":7,"column":2}},"1":{"start":{"line":3,"column":4},"end":{"line":3,"column":19}},"2":{"start":{"line":4,"column":4},"end":{"line":4,"column":49}},"3":{"start":{"line":5,"column":4},"end":{"line":5,"column":26}}},"fnMap":{"0":{"name":"(anonymous_0)","decl":{"start":{"line":2,"column":2},"end":{"line":2,"column":3}},"loc":{"start":{"line":2,"column":23},"end":{"line":6,"column":3}},"line":2}},"branchMap":{},"s":{"0":3,"1":2,"2":2,"3":2},"f":{"0":2},"b":{},"_coverageSchema":"43e27e138ebf9cfc5966b082cf9a028302ed4184","hash":"a63e0c3bc05a2a888152d25ceaa4f952ec18a832"}
,"/Users/aj/desenv/projetos/node_backend/src/errors/UnauthorizedError.js": {"path":"/Users/aj/desenv/projetos/node_backend/src/errors/UnauthorizedError.js","statementMap":{"0":{"start":{"line":1,"column":0},"end":{"line":7,"column":2}},"1":{"start":{"line":3,"column":4},"end":{"line":3,"column":19}},"2":{"start":{"line":4,"column":4},"end":{"line":4,"column":53}},"3":{"start":{"line":5,"column":4},"end":{"line":5,"column":26}}},"fnMap":{"0":{"name":"(anonymous_0)","decl":{"start":{"line":2,"column":2},"end":{"line":2,"column":3}},"loc":{"start":{"line":2,"column":23},"end":{"line":6,"column":3}},"line":2}},"branchMap":{},"s":{"0":2,"1":10,"2":10,"3":10},"f":{"0":10},"b":{},"_coverageSchema":"43e27e138ebf9cfc5966b082cf9a028302ed4184","hash":"24069d16139763391b33d2ae7c3a9b6f36330164"}
,"/Users/aj/desenv/projetos/node_backend/src/jwt/index.js": {"path":"/Users/aj/desenv/projetos/node_backend/src/jwt/index.js","statementMap":{"0":{"start":{"line":1,"column":12},"end":{"line":1,"column":35}},"1":{"start":{"line":2,"column":15},"end":{"line":2,"column":32}},"2":{"start":{"line":4,"column":17},"end":{"line":9,"column":1}},"3":{"start":{"line":5,"column":2},"end":{"line":5,"column":23}},"4":{"start":{"line":6,"column":19},"end":{"line":6,"column":74}},"5":{"start":{"line":7,"column":16},"end":{"line":7,"column":83}},"6":{"start":{"line":8,"column":2},"end":{"line":8,"column":15}},"7":{"start":{"line":11,"column":15},"end":{"line":14,"column":1}},"8":{"start":{"line":12,"column":18},"end":{"line":12,"column":63}},"9":{"start":{"line":13,"column":2},"end":{"line":13,"column":17}},"10":{"start":{"line":16,"column":0},"end":{"line":19,"column":3}}},"fnMap":{"0":{"name":"(anonymous_0)","decl":{"start":{"line":4,"column":17},"end":{"line":4,"column":18}},"loc":{"start":{"line":4,"column":36},"end":{"line":9,"column":1}},"line":4},"1":{"name":"(anonymous_1)","decl":{"start":{"line":11,"column":15},"end":{"line":11,"column":16}},"loc":{"start":{"line":11,"column":26},"end":{"line":14,"column":1}},"line":11}},"branchMap":{"0":{"loc":{"start":{"line":6,"column":19},"end":{"line":6,"column":74}},"type":"binary-expr","locations":[{"start":{"line":6,"column":19},"end":{"line":6,"column":22}},{"start":{"line":6,"column":26},"end":{"line":6,"column":74}}],"line":6}},"s":{"0":5,"1":5,"2":5,"3":8,"4":8,"5":8,"6":8,"7":5,"8":1,"9":1,"10":5},"f":{"0":8,"1":1},"b":{"0":[8,6]},"_coverageSchema":"43e27e138ebf9cfc5966b082cf9a028302ed4184","hash":"c84a0c1894e133228a92a94b641845faa8be4604"}
,"/Users/aj/desenv/projetos/node_backend/src/log/index.js": {"path":"/Users/aj/desenv/projetos/node_backend/src/log/index.js","statementMap":{"0":{"start":{"line":1,"column":13},"end":{"line":3,"column":1}},"1":{"start":{"line":2,"column":2},"end":{"line":2,"column":26}},"2":{"start":{"line":5,"column":14},"end":{"line":7,"column":1}},"3":{"start":{"line":6,"column":2},"end":{"line":6,"column":26}},"4":{"start":{"line":9,"column":14},"end":{"line":11,"column":1}},"5":{"start":{"line":10,"column":2},"end":{"line":10,"column":27}},"6":{"start":{"line":13,"column":12},"end":{"line":28,"column":1}},"7":{"start":{"line":14,"column":2},"end":{"line":24,"column":3}},"8":{"start":{"line":16,"column":6},"end":{"line":16,"column":51}},"9":{"start":{"line":17,"column":6},"end":{"line":17,"column":12}},"10":{"start":{"line":19,"column":6},"end":{"line":19,"column":50}},"11":{"start":{"line":20,"column":6},"end":{"line":20,"column":12}},"12":{"start":{"line":22,"column":6},"end":{"line":22,"column":49}},"13":{"start":{"line":25,"column":2},"end":{"line":27,"column":3}},"14":{"start":{"line":26,"column":4},"end":{"line":26,"column":20}},"15":{"start":{"line":30,"column":24},"end":{"line":36,"column":1}},"16":{"start":{"line":31,"column":2},"end":{"line":35,"column":3}},"17":{"start":{"line":38,"column":0},"end":{"line":43,"column":3}}},"fnMap":{"0":{"name":"(anonymous_0)","decl":{"start":{"line":1,"column":13},"end":{"line":1,"column":14}},"loc":{"start":{"line":1,"column":22},"end":{"line":3,"column":1}},"line":1},"1":{"name":"(anonymous_1)","decl":{"start":{"line":5,"column":14},"end":{"line":5,"column":15}},"loc":{"start":{"line":5,"column":23},"end":{"line":7,"column":1}},"line":5},"2":{"name":"(anonymous_2)","decl":{"start":{"line":9,"column":14},"end":{"line":9,"column":15}},"loc":{"start":{"line":9,"column":23},"end":{"line":11,"column":1}},"line":9},"3":{"name":"(anonymous_3)","decl":{"start":{"line":13,"column":12},"end":{"line":13,"column":13}},"loc":{"start":{"line":13,"column":44},"end":{"line":28,"column":1}},"line":13},"4":{"name":"(anonymous_4)","decl":{"start":{"line":30,"column":24},"end":{"line":30,"column":25}},"loc":{"start":{"line":30,"column":31},"end":{"line":36,"column":1}},"line":30}},"branchMap":{"0":{"loc":{"start":{"line":14,"column":2},"end":{"line":24,"column":3}},"type":"switch","locations":[{"start":{"line":15,"column":4},"end":{"line":17,"column":12}},{"start":{"line":18,"column":4},"end":{"line":20,"column":12}},{"start":{"line":21,"column":4},"end":{"line":22,"column":49}}],"line":14},"1":{"loc":{"start":{"line":25,"column":2},"end":{"line":27,"column":3}},"type":"if","locations":[{"start":{"line":25,"column":2},"end":{"line":27,"column":3}},{"start":{"line":25,"column":2},"end":{"line":27,"column":3}}],"line":25}},"s":{"0":12,"1":89,"2":12,"3":7,"4":12,"5":11,"6":12,"7":107,"8":7,"9":7,"10":89,"11":89,"12":11,"13":107,"14":7,"15":12,"16":7,"17":12},"f":{"0":89,"1":7,"2":11,"3":107,"4":7},"b":{"0":[7,89,11],"1":[7,100]},"_coverageSchema":"43e27e138ebf9cfc5966b082cf9a028302ed4184","hash":"3cc6c512bfed955b1d2d615d7d18abdebc1a6535"}
,"/Users/aj/desenv/projetos/node_backend/src/md5/index.js": {"path":"/Users/aj/desenv/projetos/node_backend/src/md5/index.js","statementMap":{"0":{"start":{"line":1,"column":15},"end":{"line":1,"column":32}},"1":{"start":{"line":3,"column":0},"end":{"line":8,"column":2}},"2":{"start":{"line":4,"column":2},"end":{"line":7,"column":18}}},"fnMap":{"0":{"name":"(anonymous_0)","decl":{"start":{"line":3,"column":17},"end":{"line":3,"column":18}},"loc":{"start":{"line":3,"column":25},"end":{"line":8,"column":1}},"line":3}},"branchMap":{},"s":{"0":10,"1":10,"2":73},"f":{"0":73},"b":{},"_coverageSchema":"43e27e138ebf9cfc5966b082cf9a028302ed4184","hash":"46a9aeb74061ad3037b391177182b2353bdc3d7f"}
,"/Users/aj/desenv/projetos/node_backend/src/middlewares/express-callback.js": {"path":"/Users/aj/desenv/projetos/node_backend/src/middlewares/express-callback.js","statementMap":{"0":{"start":{"line":1,"column":0},"end":{"line":56,"column":2}},"1":{"start":{"line":2,"column":2},"end":{"line":55,"column":4}},"2":{"start":{"line":4,"column":24},"end":{"line":18,"column":5}},"3":{"start":{"line":20,"column":4},"end":{"line":54,"column":9}},"4":{"start":{"line":23,"column":24},"end":{"line":23,"column":63}},"5":{"start":{"line":24,"column":8},"end":{"line":24,"column":53}},"6":{"start":{"line":25,"column":8},"end":{"line":25,"column":25}},"7":{"start":{"line":27,"column":8},"end":{"line":27,"column":25}},"8":{"start":{"line":28,"column":8},"end":{"line":28,"column":44}},"9":{"start":{"line":31,"column":8},"end":{"line":52,"column":9}},"10":{"start":{"line":32,"column":10},"end":{"line":32,"column":53}},"11":{"start":{"line":33,"column":10},"end":{"line":38,"column":13}},"12":{"start":{"line":41,"column":15},"end":{"line":52,"column":9}},"13":{"start":{"line":42,"column":10},"end":{"line":42,"column":53}},"14":{"start":{"line":43,"column":10},"end":{"line":47,"column":13}},"15":{"start":{"line":51,"column":10},"end":{"line":51,"column":38}}},"fnMap":{"0":{"name":"(anonymous_0)","decl":{"start":{"line":1,"column":17},"end":{"line":1,"column":18}},"loc":{"start":{"line":1,"column":38},"end":{"line":56,"column":1}},"line":1},"1":{"name":"(anonymous_1)","decl":{"start":{"line":2,"column":9},"end":{"line":2,"column":10}},"loc":{"start":{"line":2,"column":23},"end":{"line":55,"column":3}},"line":2},"2":{"name":"(anonymous_2)","decl":{"start":{"line":21,"column":12},"end":{"line":21,"column":13}},"loc":{"start":{"line":21,"column":28},"end":{"line":54,"column":7}},"line":21}},"branchMap":{"0":{"loc":{"start":{"line":31,"column":8},"end":{"line":52,"column":9}},"type":"if","locations":[{"start":{"line":31,"column":8},"end":{"line":52,"column":9}},{"start":{"line":31,"column":8},"end":{"line":52,"column":9}}],"line":31},"1":{"loc":{"start":{"line":41,"column":15},"end":{"line":52,"column":9}},"type":"if","locations":[{"start":{"line":41,"column":15},"end":{"line":52,"column":9}},{"start":{"line":41,"column":15},"end":{"line":52,"column":9}}],"line":41}},"s":{"0":1,"1":3,"2":3,"3":3,"4":3,"5":3,"6":3,"7":3,"8":3,"9":3,"10":1,"11":1,"12":2,"13":1,"14":1,"15":1},"f":{"0":3,"1":3,"2":3},"b":{"0":[1,2],"1":[1,1]},"_coverageSchema":"43e27e138ebf9cfc5966b082cf9a028302ed4184","hash":"405930bf6559ef88e4b713c465b1b00d6f99cefd"}
,"/Users/aj/desenv/projetos/node_backend/src/passwd/index.js": {"path":"/Users/aj/desenv/projetos/node_backend/src/passwd/index.js","statementMap":{"0":{"start":{"line":1,"column":18},"end":{"line":9,"column":1}},"1":{"start":{"line":2,"column":16},"end":{"line":2,"column":18}},"2":{"start":{"line":3,"column":17},"end":{"line":3,"column":58}},"3":{"start":{"line":4,"column":2},"end":{"line":7,"column":4}},"4":{"start":{"line":5,"column":22},"end":{"line":5,"column":37}},"5":{"start":{"line":6,"column":4},"end":{"line":6,"column":38}},"6":{"start":{"line":8,"column":2},"end":{"line":8,"column":14}},"7":{"start":{"line":11,"column":18},"end":{"line":13,"column":1}},"8":{"start":{"line":12,"column":2},"end":{"line":12,"column":70}},"9":{"start":{"line":12,"column":26},"end":{"line":12,"column":70}},"10":{"start":{"line":15,"column":18},"end":{"line":17,"column":1}},"11":{"start":{"line":16,"column":2},"end":{"line":16,"column":70}},"12":{"start":{"line":16,"column":26},"end":{"line":16,"column":70}},"13":{"start":{"line":19,"column":15},"end":{"line":21,"column":1}},"14":{"start":{"line":20,"column":2},"end":{"line":20,"column":125}},"15":{"start":{"line":20,"column":48},"end":{"line":20,"column":125}},"16":{"start":{"line":23,"column":13},"end":{"line":25,"column":1}},"17":{"start":{"line":24,"column":2},"end":{"line":24,"column":139}},"18":{"start":{"line":24,"column":48},"end":{"line":24,"column":139}},"19":{"start":{"line":27,"column":16},"end":{"line":29,"column":1}},"20":{"start":{"line":28,"column":2},"end":{"line":28,"column":147}},"21":{"start":{"line":28,"column":50},"end":{"line":28,"column":147}},"22":{"start":{"line":31,"column":16},"end":{"line":33,"column":1}},"23":{"start":{"line":32,"column":2},"end":{"line":32,"column":128}},"24":{"start":{"line":32,"column":54},"end":{"line":32,"column":128}},"25":{"start":{"line":35,"column":19},"end":{"line":74,"column":1}},"26":{"start":{"line":36,"column":15},"end":{"line":36,"column":17}},"27":{"start":{"line":38,"column":2},"end":{"line":41,"column":3}},"28":{"start":{"line":39,"column":4},"end":{"line":39,"column":36}},"29":{"start":{"line":40,"column":4},"end":{"line":40,"column":18}},"30":{"start":{"line":43,"column":16},"end":{"line":43,"column":27}},"31":{"start":{"line":45,"column":10},"end":{"line":45,"column":27}},"32":{"start":{"line":46,"column":2},"end":{"line":46,"column":25}},"33":{"start":{"line":46,"column":10},"end":{"line":46,"column":25}},"34":{"start":{"line":48,"column":2},"end":{"line":51,"column":3}},"35":{"start":{"line":49,"column":4},"end":{"line":49,"column":48}},"36":{"start":{"line":50,"column":4},"end":{"line":50,"column":27}},"37":{"start":{"line":50,"column":12},"end":{"line":50,"column":27}},"38":{"start":{"line":53,"column":2},"end":{"line":56,"column":3}},"39":{"start":{"line":54,"column":4},"end":{"line":54,"column":48}},"40":{"start":{"line":55,"column":4},"end":{"line":55,"column":27}},"41":{"start":{"line":55,"column":12},"end":{"line":55,"column":27}},"42":{"start":{"line":58,"column":2},"end":{"line":61,"column":3}},"43":{"start":{"line":59,"column":4},"end":{"line":59,"column":42}},"44":{"start":{"line":60,"column":4},"end":{"line":60,"column":27}},"45":{"start":{"line":60,"column":12},"end":{"line":60,"column":27}},"46":{"start":{"line":63,"column":2},"end":{"line":66,"column":3}},"47":{"start":{"line":64,"column":4},"end":{"line":64,"column":38}},"48":{"start":{"line":65,"column":4},"end":{"line":65,"column":27}},"49":{"start":{"line":65,"column":12},"end":{"line":65,"column":27}},"50":{"start":{"line":68,"column":2},"end":{"line":71,"column":3}},"51":{"start":{"line":69,"column":4},"end":{"line":69,"column":44}},"52":{"start":{"line":70,"column":4},"end":{"line":70,"column":27}},"53":{"start":{"line":70,"column":12},"end":{"line":70,"column":27}},"54":{"start":{"line":73,"column":2},"end":{"line":73,"column":16}},"55":{"start":{"line":76,"column":0},"end":{"line":78,"column":3}}},"fnMap":{"0":{"name":"(anonymous_0)","decl":{"start":{"line":1,"column":18},"end":{"line":1,"column":19}},"loc":{"start":{"line":1,"column":24},"end":{"line":9,"column":1}},"line":1},"1":{"name":"(anonymous_1)","decl":{"start":{"line":4,"column":17},"end":{"line":4,"column":18}},"loc":{"start":{"line":4,"column":25},"end":{"line":7,"column":3}},"line":4},"2":{"name":"(anonymous_2)","decl":{"start":{"line":11,"column":18},"end":{"line":11,"column":19}},"loc":{"start":{"line":11,"column":35},"end":{"line":13,"column":1}},"line":11},"3":{"name":"(anonymous_3)","decl":{"start":{"line":15,"column":18},"end":{"line":15,"column":19}},"loc":{"start":{"line":15,"column":35},"end":{"line":17,"column":1}},"line":15},"4":{"name":"(anonymous_4)","decl":{"start":{"line":19,"column":15},"end":{"line":19,"column":16}},"loc":{"start":{"line":19,"column":32},"end":{"line":21,"column":1}},"line":19},"5":{"name":"(anonymous_5)","decl":{"start":{"line":23,"column":13},"end":{"line":23,"column":14}},"loc":{"start":{"line":23,"column":30},"end":{"line":25,"column":1}},"line":23},"6":{"name":"(anonymous_6)","decl":{"start":{"line":27,"column":16},"end":{"line":27,"column":17}},"loc":{"start":{"line":27,"column":33},"end":{"line":29,"column":1}},"line":27},"7":{"name":"(anonymous_7)","decl":{"start":{"line":31,"column":16},"end":{"line":31,"column":17}},"loc":{"start":{"line":31,"column":26},"end":{"line":33,"column":1}},"line":31},"8":{"name":"(anonymous_8)","decl":{"start":{"line":35,"column":19},"end":{"line":35,"column":20}},"loc":{"start":{"line":35,"column":31},"end":{"line":74,"column":1}},"line":35}},"branchMap":{"0":{"loc":{"start":{"line":12,"column":2},"end":{"line":12,"column":70}},"type":"if","locations":[{"start":{"line":12,"column":2},"end":{"line":12,"column":70}},{"start":{"line":12,"column":2},"end":{"line":12,"column":70}}],"line":12},"1":{"loc":{"start":{"line":16,"column":2},"end":{"line":16,"column":70}},"type":"if","locations":[{"start":{"line":16,"column":2},"end":{"line":16,"column":70}},{"start":{"line":16,"column":2},"end":{"line":16,"column":70}}],"line":16},"2":{"loc":{"start":{"line":20,"column":2},"end":{"line":20,"column":125}},"type":"if","locations":[{"start":{"line":20,"column":2},"end":{"line":20,"column":125}},{"start":{"line":20,"column":2},"end":{"line":20,"column":125}}],"line":20},"3":{"loc":{"start":{"line":20,"column":103},"end":{"line":20,"column":123}},"type":"cond-expr","locations":[{"start":{"line":20,"column":115},"end":{"line":20,"column":118}},{"start":{"line":20,"column":121},"end":{"line":20,"column":123}}],"line":20},"4":{"loc":{"start":{"line":24,"column":2},"end":{"line":24,"column":139}},"type":"if","locations":[{"start":{"line":24,"column":2},"end":{"line":24,"column":139}},{"start":{"line":24,"column":2},"end":{"line":24,"column":139}}],"line":24},"5":{"loc":{"start":{"line":24,"column":117},"end":{"line":24,"column":137}},"type":"cond-expr","locations":[{"start":{"line":24,"column":129},"end":{"line":24,"column":132}},{"start":{"line":24,"column":135},"end":{"line":24,"column":137}}],"line":24},"6":{"loc":{"start":{"line":28,"column":2},"end":{"line":28,"column":147}},"type":"if","locations":[{"start":{"line":28,"column":2},"end":{"line":28,"column":147}},{"start":{"line":28,"column":2},"end":{"line":28,"column":147}}],"line":28},"7":{"loc":{"start":{"line":28,"column":117},"end":{"line":28,"column":137}},"type":"cond-expr","locations":[{"start":{"line":28,"column":129},"end":{"line":28,"column":132}},{"start":{"line":28,"column":135},"end":{"line":28,"column":137}}],"line":28},"8":{"loc":{"start":{"line":32,"column":2},"end":{"line":32,"column":128}},"type":"if","locations":[{"start":{"line":32,"column":2},"end":{"line":32,"column":128}},{"start":{"line":32,"column":2},"end":{"line":32,"column":128}}],"line":32},"9":{"loc":{"start":{"line":38,"column":2},"end":{"line":41,"column":3}},"type":"if","locations":[{"start":{"line":38,"column":2},"end":{"line":41,"column":3}},{"start":{"line":38,"column":2},"end":{"line":41,"column":3}}],"line":38},"10":{"loc":{"start":{"line":46,"column":2},"end":{"line":46,"column":25}},"type":"if","locations":[{"start":{"line":46,"column":2},"end":{"line":46,"column":25}},{"start":{"line":46,"column":2},"end":{"line":46,"column":25}}],"line":46},"11":{"loc":{"start":{"line":48,"column":2},"end":{"line":51,"column":3}},"type":"if","locations":[{"start":{"line":48,"column":2},"end":{"line":51,"column":3}},{"start":{"line":48,"column":2},"end":{"line":51,"column":3}}],"line":48},"12":{"loc":{"start":{"line":50,"column":4},"end":{"line":50,"column":27}},"type":"if","locations":[{"start":{"line":50,"column":4},"end":{"line":50,"column":27}},{"start":{"line":50,"column":4},"end":{"line":50,"column":27}}],"line":50},"13":{"loc":{"start":{"line":53,"column":2},"end":{"line":56,"column":3}},"type":"if","locations":[{"start":{"line":53,"column":2},"end":{"line":56,"column":3}},{"start":{"line":53,"column":2},"end":{"line":56,"column":3}}],"line":53},"14":{"loc":{"start":{"line":55,"column":4},"end":{"line":55,"column":27}},"type":"if","locations":[{"start":{"line":55,"column":4},"end":{"line":55,"column":27}},{"start":{"line":55,"column":4},"end":{"line":55,"column":27}}],"line":55},"15":{"loc":{"start":{"line":58,"column":2},"end":{"line":61,"column":3}},"type":"if","locations":[{"start":{"line":58,"column":2},"end":{"line":61,"column":3}},{"start":{"line":58,"column":2},"end":{"line":61,"column":3}}],"line":58},"16":{"loc":{"start":{"line":60,"column":4},"end":{"line":60,"column":27}},"type":"if","locations":[{"start":{"line":60,"column":4},"end":{"line":60,"column":27}},{"start":{"line":60,"column":4},"end":{"line":60,"column":27}}],"line":60},"17":{"loc":{"start":{"line":63,"column":2},"end":{"line":66,"column":3}},"type":"if","locations":[{"start":{"line":63,"column":2},"end":{"line":66,"column":3}},{"start":{"line":63,"column":2},"end":{"line":66,"column":3}}],"line":63},"18":{"loc":{"start":{"line":65,"column":4},"end":{"line":65,"column":27}},"type":"if","locations":[{"start":{"line":65,"column":4},"end":{"line":65,"column":27}},{"start":{"line":65,"column":4},"end":{"line":65,"column":27}}],"line":65},"19":{"loc":{"start":{"line":68,"column":2},"end":{"line":71,"column":3}},"type":"if","locations":[{"start":{"line":68,"column":2},"end":{"line":71,"column":3}},{"start":{"line":68,"column":2},"end":{"line":71,"column":3}}],"line":68},"20":{"loc":{"start":{"line":70,"column":4},"end":{"line":70,"column":27}},"type":"if","locations":[{"start":{"line":70,"column":4},"end":{"line":70,"column":27}},{"start":{"line":70,"column":4},"end":{"line":70,"column":27}}],"line":70}},"s":{"0":1,"1":16,"2":16,"3":16,"4":28,"5":28,"6":16,"7":1,"8":6,"9":2,"10":1,"11":5,"12":2,"13":1,"14":6,"15":3,"16":1,"17":6,"18":3,"19":1,"20":5,"21":3,"22":1,"23":16,"24":1,"25":1,"26":19,"27":19,"28":3,"29":3,"30":16,"31":16,"32":16,"33":1,"34":16,"35":6,"36":6,"37":2,"38":16,"39":5,"40":5,"41":2,"42":16,"43":6,"44":6,"45":3,"46":16,"47":6,"48":6,"49":3,"50":16,"51":5,"52":5,"53":3,"54":16,"55":1},"f":{"0":16,"1":28,"2":6,"3":5,"4":6,"5":6,"6":5,"7":16,"8":19},"b":{"0":[2,4],"1":[2,3],"2":[3,3],"3":[1,2],"4":[3,3],"5":[1,2],"6":[3,2],"7":[1,2],"8":[1,15],"9":[3,16],"10":[1,15],"11":[6,10],"12":[2,4],"13":[5,11],"14":[2,3],"15":[6,10],"16":[3,3],"17":[6,10],"18":[3,3],"19":[5,11],"20":[3,2]},"_coverageSchema":"43e27e138ebf9cfc5966b082cf9a028302ed4184","hash":"26ebf896b1e35a9607fcc7257f2252cfc5eb64f5"}
,"/Users/aj/desenv/projetos/node_backend/src/use-cases/createAccount.js": {"path":"/Users/aj/desenv/projetos/node_backend/src/use-cases/createAccount.js","statementMap":{"0":{"start":{"line":1,"column":17},"end":{"line":1,"column":44}},"1":{"start":{"line":2,"column":24},"end":{"line":2,"column":60}},"2":{"start":{"line":4,"column":0},"end":{"line":40,"column":2}},"3":{"start":{"line":5,"column":24},"end":{"line":37,"column":3}},"4":{"start":{"line":7,"column":4},"end":{"line":7,"column":62}},"5":{"start":{"line":8,"column":4},"end":{"line":8,"column":56}},"6":{"start":{"line":9,"column":19},"end":{"line":9,"column":46}},"7":{"start":{"line":10,"column":4},"end":{"line":12,"column":5}},"8":{"start":{"line":11,"column":6},"end":{"line":11,"column":40}},"9":{"start":{"line":14,"column":4},"end":{"line":14,"column":82}},"10":{"start":{"line":15,"column":21},"end":{"line":15,"column":57}},"11":{"start":{"line":16,"column":4},"end":{"line":18,"column":5}},"12":{"start":{"line":17,"column":6},"end":{"line":17,"column":62}},"13":{"start":{"line":20,"column":17},"end":{"line":20,"column":71}},"14":{"start":{"line":22,"column":4},"end":{"line":22,"column":58}},"15":{"start":{"line":23,"column":25},"end":{"line":34,"column":6}},"16":{"start":{"line":36,"column":4},"end":{"line":36,"column":24}},"17":{"start":{"line":39,"column":2},"end":{"line":39,"column":23}}},"fnMap":{"0":{"name":"(anonymous_0)","decl":{"start":{"line":4,"column":17},"end":{"line":4,"column":18}},"loc":{"start":{"line":4,"column":52},"end":{"line":40,"column":1}},"line":4},"1":{"name":"(anonymous_1)","decl":{"start":{"line":5,"column":24},"end":{"line":5,"column":25}},"loc":{"start":{"line":5,"column":65},"end":{"line":37,"column":3}},"line":5}},"branchMap":{"0":{"loc":{"start":{"line":10,"column":4},"end":{"line":12,"column":5}},"type":"if","locations":[{"start":{"line":10,"column":4},"end":{"line":12,"column":5}},{"start":{"line":10,"column":4},"end":{"line":12,"column":5}}],"line":10},"1":{"loc":{"start":{"line":16,"column":4},"end":{"line":18,"column":5}},"type":"if","locations":[{"start":{"line":16,"column":4},"end":{"line":18,"column":5}},{"start":{"line":16,"column":4},"end":{"line":18,"column":5}}],"line":16}},"s":{"0":4,"1":4,"2":4,"3":14,"4":12,"5":12,"6":12,"7":12,"8":1,"9":11,"10":11,"11":11,"12":1,"13":10,"14":10,"15":10,"16":10,"17":14},"f":{"0":14,"1":12},"b":{"0":[1,11],"1":[1,10]},"_coverageSchema":"43e27e138ebf9cfc5966b082cf9a028302ed4184","hash":"d6ecb7bba8e7199be2ef93a35bef6bd00c6b5d47"}
,"/Users/aj/desenv/projetos/node_backend/src/use-cases/findUserById.js": {"path":"/Users/aj/desenv/projetos/node_backend/src/use-cases/findUserById.js","statementMap":{"0":{"start":{"line":1,"column":17},"end":{"line":1,"column":44}},"1":{"start":{"line":2,"column":22},"end":{"line":2,"column":56}},"2":{"start":{"line":3,"column":24},"end":{"line":3,"column":60}},"3":{"start":{"line":5,"column":0},"end":{"line":32,"column":2}},"4":{"start":{"line":6,"column":2},"end":{"line":31,"column":4}},"5":{"start":{"line":8,"column":4},"end":{"line":10,"column":5}},"6":{"start":{"line":9,"column":6},"end":{"line":9,"column":57}},"7":{"start":{"line":12,"column":4},"end":{"line":12,"column":44}},"8":{"start":{"line":13,"column":4},"end":{"line":13,"column":64}},"9":{"start":{"line":14,"column":21},"end":{"line":14,"column":51}},"10":{"start":{"line":15,"column":4},"end":{"line":17,"column":5}},"11":{"start":{"line":16,"column":6},"end":{"line":16,"column":49}},"12":{"start":{"line":19,"column":17},"end":{"line":19,"column":42}},"13":{"start":{"line":20,"column":4},"end":{"line":30,"column":6}}},"fnMap":{"0":{"name":"(anonymous_0)","decl":{"start":{"line":5,"column":17},"end":{"line":5,"column":18}},"loc":{"start":{"line":5,"column":39},"end":{"line":32,"column":1}},"line":5},"1":{"name":"(anonymous_1)","decl":{"start":{"line":6,"column":9},"end":{"line":6,"column":10}},"loc":{"start":{"line":6,"column":23},"end":{"line":31,"column":3}},"line":6}},"branchMap":{"0":{"loc":{"start":{"line":8,"column":4},"end":{"line":10,"column":5}},"type":"if","locations":[{"start":{"line":8,"column":4},"end":{"line":10,"column":5}},{"start":{"line":8,"column":4},"end":{"line":10,"column":5}}],"line":8},"1":{"loc":{"start":{"line":8,"column":7},"end":{"line":8,"column":39}},"type":"binary-expr","locations":[{"start":{"line":8,"column":7},"end":{"line":8,"column":32}},{"start":{"line":8,"column":36},"end":{"line":8,"column":39}}],"line":8},"2":{"loc":{"start":{"line":15,"column":4},"end":{"line":17,"column":5}},"type":"if","locations":[{"start":{"line":15,"column":4},"end":{"line":17,"column":5}},{"start":{"line":15,"column":4},"end":{"line":17,"column":5}}],"line":15}},"s":{"0":3,"1":3,"2":3,"3":3,"4":11,"5":6,"6":1,"7":5,"8":5,"9":5,"10":5,"11":2,"12":3,"13":3},"f":{"0":11,"1":6},"b":{"0":[1,5],"1":[6,5],"2":[2,3]},"_coverageSchema":"43e27e138ebf9cfc5966b082cf9a028302ed4184","hash":"d8e5b213b38c11339c7f5ff56985a59985ab8013"}
,"/Users/aj/desenv/projetos/node_backend/src/use-cases/login.js": {"path":"/Users/aj/desenv/projetos/node_backend/src/use-cases/login.js","statementMap":{"0":{"start":{"line":1,"column":17},"end":{"line":1,"column":44}},"1":{"start":{"line":2,"column":18},"end":{"line":2,"column":46}},"2":{"start":{"line":3,"column":26},"end":{"line":3,"column":64}},"3":{"start":{"line":5,"column":0},"end":{"line":121,"column":2}},"4":{"start":{"line":6,"column":2},"end":{"line":120,"column":4}},"5":{"start":{"line":8,"column":4},"end":{"line":8,"column":52}},"6":{"start":{"line":11,"column":21},"end":{"line":11,"column":57}},"7":{"start":{"line":12,"column":4},"end":{"line":15,"column":5}},"8":{"start":{"line":13,"column":6},"end":{"line":13,"column":66}},"9":{"start":{"line":14,"column":6},"end":{"line":14,"column":62}},"10":{"start":{"line":18,"column":17},"end":{"line":18,"column":35}},"11":{"start":{"line":19,"column":27},"end":{"line":19,"column":40}},"12":{"start":{"line":22,"column":4},"end":{"line":44,"column":5}},"13":{"start":{"line":23,"column":6},"end":{"line":23,"column":47}},"14":{"start":{"line":26,"column":6},"end":{"line":39,"column":9}},"15":{"start":{"line":41,"column":6},"end":{"line":41,"column":59}},"16":{"start":{"line":44,"column":6},"end":{"line":119,"column":5}},"17":{"start":{"line":47,"column":18},"end":{"line":47,"column":66}},"18":{"start":{"line":48,"column":20},"end":{"line":48,"column":44}},"19":{"start":{"line":50,"column":6},"end":{"line":50,"column":91}},"20":{"start":{"line":51,"column":6},"end":{"line":57,"column":9}},"21":{"start":{"line":60,"column":6},"end":{"line":60,"column":72}},"22":{"start":{"line":61,"column":6},"end":{"line":74,"column":9}},"23":{"start":{"line":76,"column":6},"end":{"line":76,"column":19}},"24":{"start":{"line":80,"column":6},"end":{"line":80,"column":79}},"25":{"start":{"line":82,"column":23},"end":{"line":82,"column":49}},"26":{"start":{"line":85,"column":6},"end":{"line":98,"column":9}},"27":{"start":{"line":100,"column":27},"end":{"line":100,"column":68}},"28":{"start":{"line":101,"column":6},"end":{"line":118,"column":7}},"29":{"start":{"line":102,"column":8},"end":{"line":115,"column":9}},"30":{"start":{"line":105,"column":10},"end":{"line":105,"column":105}},"31":{"start":{"line":106,"column":10},"end":{"line":106,"column":146}},"32":{"start":{"line":112,"column":10},"end":{"line":112,"column":94}},"33":{"start":{"line":113,"column":10},"end":{"line":113,"column":63}},"34":{"start":{"line":117,"column":8},"end":{"line":117,"column":64}}},"fnMap":{"0":{"name":"(anonymous_0)","decl":{"start":{"line":5,"column":17},"end":{"line":5,"column":18}},"loc":{"start":{"line":5,"column":62},"end":{"line":121,"column":1}},"line":5},"1":{"name":"(anonymous_1)","decl":{"start":{"line":6,"column":9},"end":{"line":6,"column":10}},"loc":{"start":{"line":6,"column":36},"end":{"line":120,"column":3}},"line":6}},"branchMap":{"0":{"loc":{"start":{"line":12,"column":4},"end":{"line":15,"column":5}},"type":"if","locations":[{"start":{"line":12,"column":4},"end":{"line":15,"column":5}},{"start":{"line":12,"column":4},"end":{"line":15,"column":5}}],"line":12},"1":{"loc":{"start":{"line":22,"column":4},"end":{"line":44,"column":5}},"type":"if","locations":[{"start":{"line":22,"column":4},"end":{"line":44,"column":5}},{"start":{"line":22,"column":4},"end":{"line":44,"column":5}}],"line":22},"2":{"loc":{"start":{"line":22,"column":8},"end":{"line":22,"column":70}},"type":"binary-expr","locations":[{"start":{"line":22,"column":8},"end":{"line":22,"column":45}},{"start":{"line":22,"column":49},"end":{"line":22,"column":70}}],"line":22},"3":{"loc":{"start":{"line":44,"column":6},"end":{"line":119,"column":5}},"type":"if","locations":[{"start":{"line":44,"column":6},"end":{"line":119,"column":5}},{"start":{"line":44,"column":6},"end":{"line":119,"column":5}}],"line":44},"4":{"loc":{"start":{"line":94,"column":19},"end":{"line":94,"column":78}},"type":"cond-expr","locations":[{"start":{"line":94,"column":34},"end":{"line":94,"column":53}},{"start":{"line":94,"column":56},"end":{"line":94,"column":78}}],"line":94},"5":{"loc":{"start":{"line":100,"column":27},"end":{"line":100,"column":68}},"type":"binary-expr","locations":[{"start":{"line":100,"column":27},"end":{"line":100,"column":63}},{"start":{"line":100,"column":67},"end":{"line":100,"column":68}}],"line":100},"6":{"loc":{"start":{"line":101,"column":6},"end":{"line":118,"column":7}},"type":"if","locations":[{"start":{"line":101,"column":6},"end":{"line":118,"column":7}},{"start":{"line":101,"column":6},"end":{"line":118,"column":7}}],"line":101},"7":{"loc":{"start":{"line":102,"column":8},"end":{"line":115,"column":9}},"type":"if","locations":[{"start":{"line":102,"column":8},"end":{"line":115,"column":9}},{"start":{"line":102,"column":8},"end":{"line":115,"column":9}}],"line":102}},"s":{"0":2,"1":2,"2":2,"3":2,"4":9,"5":12,"6":12,"7":12,"8":1,"9":1,"10":11,"11":11,"12":11,"13":1,"14":1,"15":1,"16":10,"17":2,"18":2,"19":2,"20":2,"21":2,"22":2,"23":2,"24":8,"25":8,"26":8,"27":8,"28":8,"29":8,"30":6,"31":6,"32":2,"33":2,"34":0},"f":{"0":9,"1":12},"b":{"0":[1,11],"1":[1,10],"2":[11,3],"3":[2,8],"4":[6,2],"5":[8,0],"6":[8,0],"7":[6,2]},"_coverageSchema":"43e27e138ebf9cfc5966b082cf9a028302ed4184","hash":"20aceda6c391c1814e42fe707dd161b3e678d0b9"}
}
