TN:
SF:/Users/aj/desenv/projetos/node_backend/src/Id/index.js
FNF:0
FNH:0
DA:1,11
DA:3,11
DA:8,11
LF:3
LH:3
BRF:0
BRH:0
end_of_record
TN:
SF:/Users/aj/desenv/projetos/node_backend/src/controllers/getFindUserById.js
FN:1,(anonymous_0)
FN:2,(anonymous_1)
FNF:2
FNH:2
FNDA:2,(anonymous_0)
FNDA:2,(anonymous_1)
DA:1,1
DA:2,2
DA:3,2
DA:5,2
DA:7,2
DA:8,1
DA:10,1
DA:20,1
DA:22,1
LF:9
LH:9
BRF:0
BRH:0
end_of_record
TN:
SF:/Users/aj/desenv/projetos/node_backend/src/controllers/postCreateAccount.js
FN:3,(anonymous_0)
FN:4,(anonymous_1)
FNF:2
FNH:2
FNDA:6,(anonymous_0)
FNDA:5,(anonymous_1)
DA:1,1
DA:3,1
DA:4,6
DA:5,5
DA:7,5
DA:8,5
DA:9,5
DA:10,3
DA:13,2
DA:14,2
DA:16,1
DA:17,1
DA:19,1
DA:20,1
DA:21,1
DA:23,1
DA:24,1
DA:33,4
LF:18
LH:18
BRDA:9,0,0,3
BRDA:9,0,1,2
BRDA:9,1,0,5
BRDA:9,1,1,4
BRDA:9,1,2,3
BRDA:34,2,0,4
BRDA:34,2,1,1
BRF:7
BRH:7
end_of_record
TN:
SF:/Users/aj/desenv/projetos/node_backend/src/controllers/postLogin.js
FN:3,(anonymous_0)
FN:4,(anonymous_1)
FNF:2
FNH:2
FNDA:3,(anonymous_0)
FNDA:3,(anonymous_1)
DA:1,1
DA:3,1
DA:4,3
DA:5,3
DA:7,3
DA:8,3
DA:9,2
DA:12,1
DA:14,1
DA:26,2
DA:28,2
LF:11
LH:11
BRDA:8,0,0,2
BRDA:8,0,1,1
BRDA:8,1,0,3
BRDA:8,1,1,2
BRF:4
BRH:4
end_of_record
TN:
SF:/Users/aj/desenv/projetos/node_backend/src/data-access/tokens-db.js
FN:1,(anonymous_0)
FN:3,(anonymous_1)
FN:15,(anonymous_2)
FN:23,(anonymous_3)
FNF:4
FNH:4
FNDA:12,(anonymous_0)
FNDA:2,(anonymous_1)
FNDA:5,(anonymous_2)
FNDA:1,(anonymous_3)
DA:1,3
DA:3,12
DA:4,2
DA:5,2
DA:7,2
DA:8,2
DA:9,1
DA:11,1
DA:12,1
DA:15,12
DA:16,5
DA:17,5
DA:19,5
DA:20,5
DA:23,12
DA:24,1
DA:25,1
DA:26,1
DA:29,12
LF:19
LH:19
BRDA:8,0,0,1
BRDA:8,0,1,1
BRF:2
BRH:2
end_of_record
TN:
SF:/Users/aj/desenv/projetos/node_backend/src/data-access/users-db.js
FN:1,(anonymous_0)
FN:3,(anonymous_1)
FN:14,(anonymous_2)
FN:26,(anonymous_3)
FN:33,(anonymous_4)
FN:42,(anonymous_5)
FNF:6
FNH:6
FNDA:24,(anonymous_0)
FNDA:9,(anonymous_1)
FNDA:25,(anonymous_2)
FNDA:1,(anonymous_3)
FNDA:20,(anonymous_4)
FNDA:13,(anonymous_5)
DA:1,6
DA:3,24
DA:4,9
DA:5,9
DA:6,9
DA:7,9
DA:8,3
DA:10,6
DA:11,6
DA:14,24
DA:15,25
DA:16,25
DA:17,25
DA:18,25
DA:19,12
DA:22,13
DA:23,13
DA:26,24
DA:27,1
DA:28,1
DA:29,1
DA:30,1
DA:33,24
DA:34,20
DA:35,20
DA:38,20
DA:39,20
DA:42,24
DA:43,13
DA:44,13
DA:47,13
DA:50,24
LF:32
LH:32
BRDA:7,0,0,3
BRDA:7,0,1,6
BRDA:18,1,0,12
BRDA:18,1,1,13
BRDA:47,2,0,12
BRDA:47,2,1,1
BRF:6
BRH:6
end_of_record
TN:
SF:/Users/aj/desenv/projetos/node_backend/src/email/emailSender.js
FN:1,(anonymous_0)
FN:3,(anonymous_1)
FN:12,(anonymous_2)
FNF:3
FNH:3
FNDA:1,(anonymous_0)
FNDA:1,(anonymous_1)
FNDA:1,(anonymous_2)
DA:1,1
DA:3,1
DA:4,1
DA:5,1
DA:9,1
DA:12,1
DA:13,1
DA:15,1
DA:18,1
LF:9
LH:9
BRF:0
BRH:0
end_of_record
TN:
SF:/Users/aj/desenv/projetos/node_backend/src/email/emailer.js
FN:1,(anonymous_0)
FN:13,(anonymous_1)
FNF:2
FNH:2
FNDA:1,(anonymous_0)
FNDA:2,(anonymous_1)
DA:1,1
DA:3,1
DA:12,1
DA:14,2
LF:4
LH:4
BRF:0
BRH:0
end_of_record
TN:
SF:/Users/aj/desenv/projetos/node_backend/src/entities/token/index.js
FNF:0
FNH:0
DA:1,4
DA:2,4
DA:3,4
DA:4,4
DA:6,4
LF:5
LH:5
BRF:0
BRH:0
end_of_record
TN:
SF:/Users/aj/desenv/projetos/node_backend/src/entities/token/token.js
FN:3,(anonymous_0)
FN:4,(anonymous_1)
FN:26,(anonymous_2)
FN:27,(anonymous_3)
FN:28,(anonymous_4)
FN:29,(anonymous_5)
FN:30,(anonymous_6)
FNF:7
FNH:7
FNDA:4,(anonymous_0)
FNDA:10,(anonymous_1)
FNDA:7,(anonymous_2)
FNDA:11,(anonymous_3)
FNDA:8,(anonymous_4)
FNDA:1,(anonymous_5)
FNDA:4,(anonymous_6)
DA:1,4
DA:3,4
DA:4,4
DA:11,10
DA:12,1
DA:15,9
DA:16,1
DA:19,8
DA:20,1
DA:23,7
DA:25,7
DA:26,7
DA:27,11
DA:28,8
DA:29,1
DA:30,4
LF:16
LH:16
BRDA:5,0,0,9
BRDA:11,1,0,1
BRDA:11,1,1,9
BRDA:15,2,0,1
BRDA:15,2,1,8
BRDA:19,3,0,1
BRDA:19,3,1,7
BRDA:19,4,0,8
BRDA:19,4,1,2
BRDA:19,4,2,2
BRDA:23,5,0,7
BRDA:23,5,1,7
BRDA:28,6,0,8
BRDA:28,6,1,3
BRDA:30,7,0,4
BRDA:30,7,1,3
BRF:16
BRH:16
end_of_record
TN:
SF:/Users/aj/desenv/projetos/node_backend/src/entities/user/index.js
FN:8,(anonymous_0)
FN:14,(anonymous_1)
FNF:2
FNH:2
FNDA:34,(anonymous_0)
FNDA:44,(anonymous_1)
DA:1,7
DA:2,7
DA:4,7
DA:5,7
DA:6,7
DA:8,7
DA:9,34
DA:14,7
DA:15,44
DA:16,43
DA:17,43
DA:18,43
DA:20,1
DA:23,7
LF:14
LH:14
BRDA:15,0,0,43
BRDA:15,0,1,1
BRF:2
BRH:2
end_of_record
TN:
SF:/Users/aj/desenv/projetos/node_backend/src/entities/user/user.js
FN:3,(anonymous_0)
FN:5,(anonymous_1)
FN:33,(anonymous_2)
FN:38,(anonymous_3)
FN:39,(anonymous_4)
FN:40,(anonymous_5)
FN:41,(anonymous_6)
FN:42,(anonymous_7)
FN:43,(anonymous_8)
FN:44,(anonymous_9)
FN:45,(anonymous_10)
FN:46,(anonymous_11)
FN:47,(anonymous_12)
FN:48,(anonymous_13)
FN:49,(anonymous_14)
FN:52,(anonymous_15)
FNF:16
FNH:16
FNDA:7,(anonymous_0)
FNDA:45,(anonymous_1)
FNDA:1,(anonymous_2)
FNDA:28,(anonymous_3)
FNDA:25,(anonymous_4)
FNDA:15,(anonymous_5)
FNDA:1,(anonymous_6)
FNDA:25,(anonymous_7)
FNDA:45,(anonymous_8)
FNDA:43,(anonymous_9)
FNDA:25,(anonymous_10)
FNDA:10,(anonymous_11)
FNDA:9,(anonymous_12)
FNDA:18,(anonymous_13)
FNDA:1,(anonymous_14)
FNDA:1,(anonymous_15)
DA:1,7
DA:3,7
DA:5,7
DA:18,45
DA:19,1
DA:22,44
DA:23,9
DA:26,35
DA:27,1
DA:30,34
DA:33,34
DA:34,1
DA:37,34
DA:38,28
DA:39,25
DA:40,15
DA:41,1
DA:42,25
DA:43,45
DA:44,43
DA:45,25
DA:46,10
DA:47,9
DA:48,18
DA:50,1
DA:53,1
DA:59,7
LF:27
LH:27
BRDA:6,0,0,11
BRDA:15,1,0,30
BRDA:18,2,0,1
BRDA:18,2,1,44
BRDA:22,3,0,9
BRDA:22,3,1,35
BRDA:26,4,0,1
BRDA:26,4,1,34
BRDA:39,5,0,25
BRDA:39,5,1,11
BRDA:41,6,0,1
BRDA:41,6,1,1
BRDA:45,7,0,25
BRDA:45,7,1,15
BRF:14
BRH:14
end_of_record
TN:
SF:/Users/aj/desenv/projetos/node_backend/src/errors/BadRequestError.js
FN:2,(anonymous_0)
FNF:1
FNH:1
FNDA:22,(anonymous_0)
DA:1,10
DA:3,22
DA:4,22
DA:5,22
LF:4
LH:4
BRF:0
BRH:0
end_of_record
TN:
SF:/Users/aj/desenv/projetos/node_backend/src/errors/NotFoundError.js
FN:2,(anonymous_0)
FNF:1
FNH:1
FNDA:2,(anonymous_0)
DA:1,3
DA:3,2
DA:4,2
DA:5,2
LF:4
LH:4
BRF:0
BRH:0
end_of_record
TN:
SF:/Users/aj/desenv/projetos/node_backend/src/errors/UnauthorizedError.js
FN:2,(anonymous_0)
FNF:1
FNH:1
FNDA:10,(anonymous_0)
DA:1,2
DA:3,10
DA:4,10
DA:5,10
LF:4
LH:4
BRF:0
BRH:0
end_of_record
TN:
SF:/Users/aj/desenv/projetos/node_backend/src/jwt/index.js
FN:4,(anonymous_0)
FN:11,(anonymous_1)
FNF:2
FNH:2
FNDA:8,(anonymous_0)
FNDA:1,(anonymous_1)
DA:1,5
DA:2,5
DA:4,5
DA:5,8
DA:6,8
DA:7,8
DA:8,8
DA:11,5
DA:12,1
DA:13,1
DA:16,5
LF:11
LH:11
BRDA:6,0,0,8
BRDA:6,0,1,6
BRF:2
BRH:2
end_of_record
TN:
SF:/Users/aj/desenv/projetos/node_backend/src/log/index.js
FN:1,(anonymous_0)
FN:5,(anonymous_1)
FN:9,(anonymous_2)
FN:13,(anonymous_3)
FN:30,(anonymous_4)
FNF:5
FNH:5
FNDA:89,(anonymous_0)
FNDA:7,(anonymous_1)
FNDA:11,(anonymous_2)
FNDA:107,(anonymous_3)
FNDA:7,(anonymous_4)
DA:1,12
DA:2,89
DA:5,12
DA:6,7
DA:9,12
DA:10,11
DA:13,12
DA:14,107
DA:16,7
DA:17,7
DA:19,89
DA:20,89
DA:22,11
DA:25,107
DA:26,7
DA:30,12
DA:31,7
DA:38,12
LF:18
LH:18
BRDA:14,0,0,7
BRDA:14,0,1,89
BRDA:14,0,2,11
BRDA:25,1,0,7
BRDA:25,1,1,100
BRF:5
BRH:5
end_of_record
TN:
SF:/Users/aj/desenv/projetos/node_backend/src/md5/index.js
FN:3,(anonymous_0)
FNF:1
FNH:1
FNDA:73,(anonymous_0)
DA:1,10
DA:3,10
DA:4,73
LF:3
LH:3
BRF:0
BRH:0
end_of_record
TN:
SF:/Users/aj/desenv/projetos/node_backend/src/middlewares/express-callback.js
FN:1,(anonymous_0)
FN:2,(anonymous_1)
FN:21,(anonymous_2)
FNF:3
FNH:3
FNDA:3,(anonymous_0)
FNDA:3,(anonymous_1)
FNDA:3,(anonymous_2)
DA:1,1
DA:2,3
DA:4,3
DA:20,3
DA:23,3
DA:24,3
DA:25,3
DA:27,3
DA:28,3
DA:31,3
DA:32,1
DA:33,1
DA:41,2
DA:42,1
DA:43,1
DA:51,1
LF:16
LH:16
BRDA:31,0,0,1
BRDA:31,0,1,2
BRDA:41,1,0,1
BRDA:41,1,1,1
BRF:4
BRH:4
end_of_record
TN:
SF:/Users/aj/desenv/projetos/node_backend/src/passwd/index.js
FN:1,(anonymous_0)
FN:4,(anonymous_1)
FN:11,(anonymous_2)
FN:15,(anonymous_3)
FN:19,(anonymous_4)
FN:23,(anonymous_5)
FN:27,(anonymous_6)
FN:31,(anonymous_7)
FN:35,(anonymous_8)
FNF:9
FNH:9
FNDA:16,(anonymous_0)
FNDA:28,(anonymous_1)
FNDA:6,(anonymous_2)
FNDA:5,(anonymous_3)
FNDA:6,(anonymous_4)
FNDA:6,(anonymous_5)
FNDA:5,(anonymous_6)
FNDA:16,(anonymous_7)
FNDA:19,(anonymous_8)
DA:1,1
DA:2,16
DA:3,16
DA:4,16
DA:5,28
DA:6,28
DA:8,16
DA:11,1
DA:12,6
DA:15,1
DA:16,5
DA:19,1
DA:20,6
DA:23,1
DA:24,6
DA:27,1
DA:28,5
DA:31,1
DA:32,16
DA:35,1
DA:36,19
DA:38,19
DA:39,3
DA:40,3
DA:43,16
DA:45,16
DA:46,16
DA:48,16
DA:49,6
DA:50,6
DA:53,16
DA:54,5
DA:55,5
DA:58,16
DA:59,6
DA:60,6
DA:63,16
DA:64,6
DA:65,6
DA:68,16
DA:69,5
DA:70,5
DA:73,16
DA:76,1
LF:44
LH:44
BRDA:12,0,0,2
BRDA:12,0,1,4
BRDA:16,1,0,2
BRDA:16,1,1,3
BRDA:20,2,0,3
BRDA:20,2,1,3
BRDA:20,3,0,1
BRDA:20,3,1,2
BRDA:24,4,0,3
BRDA:24,4,1,3
BRDA:24,5,0,1
BRDA:24,5,1,2
BRDA:28,6,0,3
BRDA:28,6,1,2
BRDA:28,7,0,1
BRDA:28,7,1,2
BRDA:32,8,0,1
BRDA:32,8,1,15
BRDA:38,9,0,3
BRDA:38,9,1,16
BRDA:46,10,0,1
BRDA:46,10,1,15
BRDA:48,11,0,6
BRDA:48,11,1,10
BRDA:50,12,0,2
BRDA:50,12,1,4
BRDA:53,13,0,5
BRDA:53,13,1,11
BRDA:55,14,0,2
BRDA:55,14,1,3
BRDA:58,15,0,6
BRDA:58,15,1,10
BRDA:60,16,0,3
BRDA:60,16,1,3
BRDA:63,17,0,6
BRDA:63,17,1,10
BRDA:65,18,0,3
BRDA:65,18,1,3
BRDA:68,19,0,5
BRDA:68,19,1,11
BRDA:70,20,0,3
BRDA:70,20,1,2
BRF:42
BRH:42
end_of_record
TN:
SF:/Users/aj/desenv/projetos/node_backend/src/use-cases/createAccount.js
FN:4,(anonymous_0)
FN:5,(anonymous_1)
FNF:2
FNH:2
FNDA:14,(anonymous_0)
FNDA:12,(anonymous_1)
DA:1,4
DA:2,4
DA:4,4
DA:5,14
DA:7,12
DA:8,12
DA:9,12
DA:10,12
DA:11,1
DA:14,11
DA:15,11
DA:16,11
DA:17,1
DA:20,10
DA:22,10
DA:23,10
DA:36,10
DA:39,14
LF:18
LH:18
BRDA:10,0,0,1
BRDA:10,0,1,11
BRDA:16,1,0,1
BRDA:16,1,1,10
BRF:4
BRH:4
end_of_record
TN:
SF:/Users/aj/desenv/projetos/node_backend/src/use-cases/findUserById.js
FN:5,(anonymous_0)
FN:6,(anonymous_1)
FNF:2
FNH:2
FNDA:11,(anonymous_0)
FNDA:6,(anonymous_1)
DA:1,3
DA:2,3
DA:3,3
DA:5,3
DA:6,11
DA:8,6
DA:9,1
DA:12,5
DA:13,5
DA:14,5
DA:15,5
DA:16,2
DA:19,3
DA:20,3
LF:14
LH:14
BRDA:8,0,0,1
BRDA:8,0,1,5
BRDA:8,1,0,6
BRDA:8,1,1,5
BRDA:15,2,0,2
BRDA:15,2,1,3
BRF:6
BRH:6
end_of_record
TN:
SF:/Users/aj/desenv/projetos/node_backend/src/use-cases/login.js
FN:5,(anonymous_0)
FN:6,(anonymous_1)
FNF:2
FNH:2
FNDA:9,(anonymous_0)
FNDA:12,(anonymous_1)
DA:1,2
DA:2,2
DA:3,2
DA:5,2
DA:6,9
DA:8,12
DA:11,12
DA:12,12
DA:13,1
DA:14,1
DA:18,11
DA:19,11
DA:22,11
DA:23,1
DA:26,1
DA:41,1
DA:44,10
DA:47,2
DA:48,2
DA:50,2
DA:51,2
DA:60,2
DA:61,2
DA:76,2
DA:80,8
DA:82,8
DA:85,8
DA:100,8
DA:101,8
DA:102,8
DA:105,6
DA:106,6
DA:112,2
DA:113,2
DA:117,0
LF:35
LH:34
BRDA:12,0,0,1
BRDA:12,0,1,11
BRDA:22,1,0,1
BRDA:22,1,1,10
BRDA:22,2,0,11
BRDA:22,2,1,3
BRDA:44,3,0,2
BRDA:44,3,1,8
BRDA:94,4,0,6
BRDA:94,4,1,2
BRDA:100,5,0,8
BRDA:100,5,1,0
BRDA:101,6,0,8
BRDA:101,6,1,0
BRDA:102,7,0,6
BRDA:102,7,1,2
BRF:16
BRH:14
end_of_record
